0 info it worked if it ends with ok
1 verbose cli [ '/usr/bin/node', '/usr/bin/npm', 'install' ]
2 info using npm@1.4.28
3 info using node@v0.10.33
4 verbose node symlink /usr/bin/node
5 verbose readDependencies using package.json deps
6 verbose install where, deps [ '/home/diego/Dev/frontend-angular-seed',
6 verbose install   [ 'bootstrap-sass',
6 verbose install     'dyson-generators',
6 verbose install     'bower',
6 verbose install     'connect-livereload',
6 verbose install     'grunt',
6 verbose install     'grunt-cli',
6 verbose install     'grunt-contrib-compass',
6 verbose install     'grunt-contrib-concat',
6 verbose install     'grunt-contrib-connect',
6 verbose install     'grunt-contrib-jshint',
6 verbose install     'grunt-contrib-uglify',
6 verbose install     'grunt-contrib-watch',
6 verbose install     'grunt-open',
6 verbose install     'shelljs' ] ]
7 info preinstall frontend-angular-bootstrap-seed@1.0.2
8 verbose readDependencies using package.json deps
9 verbose already installed skipping bower@^1.3.12 /home/diego/Dev/frontend-angular-seed
10 verbose cache add [ 'connect-livereload@^0.9', null ]
11 verbose cache add name=undefined spec="connect-livereload@^0.9" args=["connect-livereload@^0.9",null]
12 verbose parsed url { protocol: null,
12 verbose parsed url   slashes: null,
12 verbose parsed url   auth: null,
12 verbose parsed url   host: null,
12 verbose parsed url   port: null,
12 verbose parsed url   hostname: null,
12 verbose parsed url   hash: null,
12 verbose parsed url   search: null,
12 verbose parsed url   query: null,
12 verbose parsed url   pathname: 'connect-livereload@^0.9',
12 verbose parsed url   path: 'connect-livereload@^0.9',
12 verbose parsed url   href: 'connect-livereload@^0.9' }
13 verbose cache add name="connect-livereload" spec="^0.9" args=["connect-livereload","^0.9"]
14 verbose parsed url { protocol: null,
14 verbose parsed url   slashes: null,
14 verbose parsed url   auth: null,
14 verbose parsed url   host: null,
14 verbose parsed url   port: null,
14 verbose parsed url   hostname: null,
14 verbose parsed url   hash: null,
14 verbose parsed url   search: null,
14 verbose parsed url   query: null,
14 verbose parsed url   pathname: '^0.9',
14 verbose parsed url   path: '^0.9',
14 verbose parsed url   href: '^0.9' }
15 verbose addNamed [ 'connect-livereload', '^0.9' ]
16 verbose addNamed [ null, '>=0.9.0-0 <0.10.0-0' ]
17 verbose already installed skipping grunt@^0.4.5 /home/diego/Dev/frontend-angular-seed
18 silly lockFile bfdfc68f-connect-livereload-0-9 connect-livereload@^0.9
19 verbose lock connect-livereload@^0.9 /home/diego/.npm/bfdfc68f-connect-livereload-0-9.lock
20 silly addNameRange { name: 'connect-livereload',
20 silly addNameRange   range: '>=0.9.0-0 <0.10.0-0',
20 silly addNameRange   hasData: false }
21 verbose already installed skipping grunt-cli@^0.1.13 /home/diego/Dev/frontend-angular-seed
22 verbose request where is /connect-livereload
23 verbose request registry https://registry.npmjs.org/
24 verbose request id 24a733e23aa17c76
25 verbose url raw /connect-livereload
26 verbose url resolving [ 'https://registry.npmjs.org/', './connect-livereload' ]
27 verbose url resolved https://registry.npmjs.org/connect-livereload
28 verbose request where is https://registry.npmjs.org/connect-livereload
29 info trying registry request attempt 1 at 20:19:03
30 verbose etag "1O407BXI3DO0T30CT4NRI8AOD"
31 http GET https://registry.npmjs.org/connect-livereload
32 verbose already installed skipping grunt-contrib-compass@^1.0.1 /home/diego/Dev/frontend-angular-seed
33 verbose already installed skipping grunt-contrib-concat@^0.5.0 /home/diego/Dev/frontend-angular-seed
34 verbose cache add [ 'grunt-contrib-connect@^0.9  .0', null ]
35 verbose cache add name=undefined spec="grunt-contrib-connect@^0.9  .0" args=["grunt-contrib-connect@^0.9  .0",null]
36 verbose parsed url { protocol: null,
36 verbose parsed url   slashes: null,
36 verbose parsed url   auth: null,
36 verbose parsed url   host: null,
36 verbose parsed url   port: null,
36 verbose parsed url   hostname: null,
36 verbose parsed url   hash: null,
36 verbose parsed url   search: null,
36 verbose parsed url   query: null,
36 verbose parsed url   pathname: 'grunt-contrib-connect@^0.9%20%20.0',
36 verbose parsed url   path: 'grunt-contrib-connect@^0.9%20%20.0',
36 verbose parsed url   href: 'grunt-contrib-connect@^0.9%20%20.0' }
37 verbose already installed skipping grunt-contrib-jshint@^0.10.0 /home/diego/Dev/frontend-angular-seed
38 verbose already installed skipping grunt-contrib-uglify@^0.6.0 /home/diego/Dev/frontend-angular-seed
39 verbose already installed skipping grunt-contrib-watch@^0.6.1 /home/diego/Dev/frontend-angular-seed
40 verbose already installed skipping grunt-open@^0.2.3 /home/diego/Dev/frontend-angular-seed
41 verbose already installed skipping shelljs@^0.2.6 /home/diego/Dev/frontend-angular-seed
42 verbose already installed skipping bootstrap-sass@^3.3.1 /home/diego/Dev/frontend-angular-seed
43 verbose already installed skipping dyson-generators@^0.1.1 /home/diego/Dev/frontend-angular-seed
44 verbose cache add name="grunt-contrib-connect" spec="^0.9  .0" args=["grunt-contrib-connect","^0.9  .0"]
45 verbose parsed url { protocol: null,
45 verbose parsed url   slashes: null,
45 verbose parsed url   auth: null,
45 verbose parsed url   host: null,
45 verbose parsed url   port: null,
45 verbose parsed url   hostname: null,
45 verbose parsed url   hash: null,
45 verbose parsed url   search: null,
45 verbose parsed url   query: null,
45 verbose parsed url   pathname: '^0.9%20%20.0',
45 verbose parsed url   path: '^0.9%20%20.0',
45 verbose parsed url   href: '^0.9%20%20.0' }
46 verbose addNamed [ 'grunt-contrib-connect', '^0.9  .0' ]
47 verbose addNamed [ null, null ]
48 silly lockFile 1a7fc4ce-grunt-contrib-connect-0-9-0 grunt-contrib-connect@^0.9  .0
49 verbose lock grunt-contrib-connect@^0.9  .0 /home/diego/.npm/1a7fc4ce-grunt-contrib-connect-0-9-0.lock
50 silly addNameRange { name: 'grunt-contrib-connect',
50 silly addNameRange   range: '>=0.9.0-0 <0.10.0-0',
50 silly addNameRange   hasData: false }
51 verbose request where is /grunt-contrib-connect
52 verbose request registry https://registry.npmjs.org/
53 verbose url raw /grunt-contrib-connect
54 verbose url resolving [ 'https://registry.npmjs.org/', './grunt-contrib-connect' ]
55 verbose url resolved https://registry.npmjs.org/grunt-contrib-connect
56 verbose request where is https://registry.npmjs.org/grunt-contrib-connect
57 info trying registry request attempt 1 at 20:19:03
58 verbose etag "5RX0I7TMGLTIRWOOC4T406597"
59 http GET https://registry.npmjs.org/grunt-contrib-connect
60 http 304 https://registry.npmjs.org/grunt-contrib-connect
61 silly registry.get cb [ 304,
61 silly registry.get   { date: 'Sun, 30 Nov 2014 19:19:03 GMT',
61 silly registry.get     server: 'Apache',
61 silly registry.get     via: '1.1 varnish',
61 silly registry.get     'last-modified': 'Sun, 30 Nov 2014 19:19:03 GMT',
61 silly registry.get     'cache-control': 'max-age=60',
61 silly registry.get     etag: '"5RX0I7TMGLTIRWOOC4T406597"',
61 silly registry.get     age: '49',
61 silly registry.get     'x-served-by': 'cache-ams4134-AMS',
61 silly registry.get     'x-cache': 'HIT',
61 silly registry.get     'x-cache-hits': '1',
61 silly registry.get     'x-timer': 'S1417375143.307108,VS0,VE0',
61 silly registry.get     vary: 'Accept',
61 silly registry.get     'content-length': '0',
61 silly registry.get     'keep-alive': 'timeout=10, max=50',
61 silly registry.get     connection: 'Keep-Alive' } ]
62 verbose etag https://registry.npmjs.org/grunt-contrib-connect from cache
63 http 304 https://registry.npmjs.org/connect-livereload
64 silly registry.get cb [ 304,
64 silly registry.get   { date: 'Sun, 30 Nov 2014 19:19:03 GMT',
64 silly registry.get     server: 'Apache',
64 silly registry.get     via: '1.1 varnish',
64 silly registry.get     'last-modified': 'Sun, 30 Nov 2014 19:19:03 GMT',
64 silly registry.get     'cache-control': 'max-age=60',
64 silly registry.get     etag: '"1O407BXI3DO0T30CT4NRI8AOD"',
64 silly registry.get     age: '48',
64 silly registry.get     'x-served-by': 'cache-ams4144-AMS',
64 silly registry.get     'x-cache': 'HIT',
64 silly registry.get     'x-cache-hits': '1',
64 silly registry.get     'x-timer': 'S1417375143.321954,VS0,VE0',
64 silly registry.get     vary: 'Accept',
64 silly registry.get     'content-length': '0',
64 silly registry.get     'keep-alive': 'timeout=10, max=50',
64 silly registry.get     connection: 'Keep-Alive' } ]
65 verbose etag https://registry.npmjs.org/connect-livereload from cache
66 silly addNameRange number 2 { name: 'grunt-contrib-connect',
66 silly addNameRange   range: '>=0.9.0-0 <0.10.0-0',
66 silly addNameRange   hasData: true }
67 silly addNameRange versions [ 'grunt-contrib-connect',
67 silly addNameRange   [ '0.1.0',
67 silly addNameRange     '0.1.1',
67 silly addNameRange     '0.1.2',
67 silly addNameRange     '0.2.0',
67 silly addNameRange     '0.3.0',
67 silly addNameRange     '0.4.0',
67 silly addNameRange     '0.4.1',
67 silly addNameRange     '0.4.2',
67 silly addNameRange     '0.5.0',
67 silly addNameRange     '0.6.0',
67 silly addNameRange     '0.7.0',
67 silly addNameRange     '0.7.1',
67 silly addNameRange     '0.8.0',
67 silly addNameRange     '0.9.0',
67 silly addNameRange     '0.1.1-rc6' ] ]
68 verbose addNamed [ 'grunt-contrib-connect', '0.9.0' ]
69 verbose addNamed [ '0.9.0', '0.9.0' ]
70 silly lockFile 24560514-grunt-contrib-connect-0-9-0 grunt-contrib-connect@0.9.0
71 verbose lock grunt-contrib-connect@0.9.0 /home/diego/.npm/24560514-grunt-contrib-connect-0-9-0.lock
72 silly addNameRange number 2 { name: 'connect-livereload',
72 silly addNameRange   range: '>=0.9.0-0 <0.10.0-0',
72 silly addNameRange   hasData: true }
73 silly addNameRange versions [ 'connect-livereload',
73 silly addNameRange   [ '0.0.2',
73 silly addNameRange     '0.0.3',
73 silly addNameRange     '0.1.0',
73 silly addNameRange     '0.1.1',
73 silly addNameRange     '0.1.2',
73 silly addNameRange     '0.1.3',
73 silly addNameRange     '0.1.4',
73 silly addNameRange     '0.2.0',
73 silly addNameRange     '0.3.0',
73 silly addNameRange     '0.3.1',
73 silly addNameRange     '0.3.2',
73 silly addNameRange     '0.4.0',
73 silly addNameRange     '0.4.1',
73 silly addNameRange     '0.5.0',
73 silly addNameRange     '0.5.1',
73 silly addNameRange     '0.5.2' ] ]
74 silly lockFile bfdfc68f-connect-livereload-0-9 connect-livereload@^0.9
75 silly lockFile bfdfc68f-connect-livereload-0-9 connect-livereload@^0.9
76 silly lockFile ac45a40e--grunt-contrib-connect-0-9-0-tgz https://registry.npmjs.org/grunt-contrib-connect/-/grunt-contrib-connect-0.9.0.tgz
77 verbose lock https://registry.npmjs.org/grunt-contrib-connect/-/grunt-contrib-connect-0.9.0.tgz /home/diego/.npm/ac45a40e--grunt-contrib-connect-0-9-0-tgz.lock
78 verbose addRemoteTarball [ 'https://registry.npmjs.org/grunt-contrib-connect/-/grunt-contrib-connect-0.9.0.tgz',
78 verbose addRemoteTarball   'deda5a5bd875a5ba2fdd4b77ae7d0689d5dee4c8' ]
79 info retry fetch attempt 1 at 20:19:03
80 verbose fetch to= /tmp/npm-28467-0uyPfcCP/registry.npmjs.org/grunt-contrib-connect/-/grunt-contrib-connect-0.9.0.tgz
81 http GET https://registry.npmjs.org/grunt-contrib-connect/-/grunt-contrib-connect-0.9.0.tgz
82 http 200 https://registry.npmjs.org/grunt-contrib-connect/-/grunt-contrib-connect-0.9.0.tgz
83 silly lockFile ac45a40e--grunt-contrib-connect-0-9-0-tgz https://registry.npmjs.org/grunt-contrib-connect/-/grunt-contrib-connect-0.9.0.tgz
84 silly lockFile ac45a40e--grunt-contrib-connect-0-9-0-tgz https://registry.npmjs.org/grunt-contrib-connect/-/grunt-contrib-connect-0.9.0.tgz
85 silly lockFile 24560514-grunt-contrib-connect-0-9-0 grunt-contrib-connect@0.9.0
86 silly lockFile 24560514-grunt-contrib-connect-0-9-0 grunt-contrib-connect@0.9.0
87 silly lockFile 1a7fc4ce-grunt-contrib-connect-0-9-0 grunt-contrib-connect@^0.9  .0
88 silly lockFile 1a7fc4ce-grunt-contrib-connect-0-9-0 grunt-contrib-connect@^0.9  .0
89 error notarget No compatible version found: connect-livereload@'>=0.9.0-0 <0.10.0-0'
89 error notarget Valid install targets:
89 error notarget ["0.0.2","0.0.3","0.1.0","0.1.1","0.1.2","0.1.3","0.1.4","0.2.0","0.3.0","0.3.1","0.3.2","0.4.0","0.4.1","0.5.0","0.5.1","0.5.2"]
89 error notarget
89 error notarget This is most likely not a problem with npm itself.
89 error notarget In most cases you or one of your dependencies are requesting
89 error notarget a package version that doesn't exist.
90 error System Linux 3.13.0-39-generic
91 error command "/usr/bin/node" "/usr/bin/npm" "install"
92 error cwd /home/diego/Dev/frontend-angular-seed
93 error node -v v0.10.33
94 error npm -v 1.4.28
95 error code ETARGET
96 verbose exit [ 1, true ]
